<?xml version="1.0" encoding="UTF-8"?>
<testsuite name="crossing.e1.featuremodel.clafer.test.ClaferModelUtilsTest" time="1.033" tests="3" errors="0" skipped="0" failures="0">
  <properties>
[...]
</properties>
  <testcase name="testTrimScope" classname="crossing.e1.featuremodel.clafer.test.ClaferModelUtilsTest" time="0.813"/>
  <testcase name="testIsAbstract" classname="crossing.e1.featuremodel.clafer.test.ClaferModelUtilsTest" time="0.149"/>
  <testcase name="testFindClaferByName" classname="crossing.e1.featuremodel.clafer.test.ClaferModelUtilsTest" time="0.071"/>
</testsuite>